
> meu-app-angular@0.0.0 build-storybook C:\Users\luiza\Dropbox\Faculdade\5semestre\frameworks js\tarefa unidade 1\lets-vote-angular
> npm run docs:json && build-storybook "--output-dir" "C:\Users\luiza\AppData\Local\Temp\chromatic--5348-Z41tP6ArdRKv"


> meu-app-angular@0.0.0 docs:json C:\Users\luiza\Dropbox\Faculdade\5semestre\frameworks js\tarefa unidade 1\lets-vote-angular
> compodoc -p ./tsconfig.json -e json -d .

[0m
[0m [0m [0m [0m [0m [0m [0m [0m [0m [0m [0m [0m [0m [0m [0m [0m [0m [0m [0m [0m [0m [0m [0m [0m [0m [0m [0m [0m [0m [0m [0m [0m [0m [0m [0m [0m [0m [0m [0m [0m [0m [0m [0m [0m [0m [0m [0m [0m [0m [0m [0m [0m [0m [0m [0m [0m [0m [0m [0m [48;5;255m [48;5;255m [0m [0m [0m [0m [0m [0m [0m [0m [0m [0m [0m [0m
[0m [0m [0m [0m [0m [0m [0m [0m [0m [0m [0m [0m [0m [0m [0m [0m [0m [0m [0m [0m [0m [0m [0m [0m [0m [0m [0m [0m [0m [0m [0m [0m [0m [0m [0m [0m [0m [0m [0m [0m [0m [0m [0m [0m [0m [0m [0m [0m [0m [0m [0m [0m [0m [0m [0m [0m [0m [0m [0m [48;5;255m [48;5;255m [0m [0m [0m [0m [0m [0m [0m [0m [0m [0m [0m [0m
[0m [0m [0m [0m [0m [0m [0m [0m [0m [0m [0m [0m [0m [0m [0m [0m [0m [0m [0m [0m [0m [0m [0m [0m [0m [0m [0m [0m [0m [0m [0m [0m [0m [0m [0m [0m [0m [0m [0m [0m [0m [0m [0m [0m [0m [0m [0m [0m [0m [0m [0m [0m [0m [0m [0m [0m [0m [0m [0m [48;5;255m [48;5;255m [0m [0m [0m [0m [0m [0m [0m [0m [0m [0m [0m [0m
[48;5;255m [48;5;255m [48;5;255m [48;5;255m [48;5;255m [48;5;255m [48;5;255m [0m [0m [48;5;255m [48;5;255m [48;5;255m [48;5;255m [48;5;255m [48;5;255m [48;5;255m [48;5;255m [0m [0m [48;5;255m [48;5;255m [48;5;255m [48;5;255m [48;5;255m [48;5;255m [48;5;255m [48;5;255m [48;5;255m [48;5;255m [48;5;255m [48;5;255m [0m [0m [48;5;255m [48;5;255m [48;5;255m [48;5;255m [48;5;255m [48;5;255m [48;5;255m [48;5;255m [0m [0m [48;5;255m [48;5;255m [48;5;255m [48;5;255m [48;5;255m [48;5;255m [48;5;255m [48;5;255m [0m [0m [48;5;255m [48;5;255m [48;5;255m [48;5;255m [48;5;255m [48;5;255m [48;5;255m [48;5;255m [0m [0m [48;5;255m [48;5;255m [48;5;255m [48;5;255m [48;5;255m [48;5;255m [48;5;255m [48;5;255m [0m [0m [48;5;255m [48;5;255m [48;5;255m [48;5;255m [48;5;255m [48;5;255m [48;5;255m [48;5;255m [0m
[48;5;255m [48;5;255m [0m [0m [0m [0m [0m [0m [0m [48;5;255m [48;5;255m [0m [0m [0m [0m [48;5;255m [48;5;255m [0m [0m [48;5;255m [48;5;255m [0m [0m [0m [48;5;255m [48;5;255m [0m [0m [0m [48;5;255m [48;5;255m [0m [0m [48;5;255m [48;5;255m [0m [0m [0m [0m [48;5;255m [48;5;255m [0m [0m [48;5;255m [48;5;255m [0m [0m [0m [0m [48;5;255m [48;5;255m [0m [0m [48;5;255m [48;5;255m [0m [0m [0m [0m [48;5;255m [48;5;255m [0m [0m [48;5;255m [48;5;255m [0m [0m [0m [0m [48;5;255m [48;5;255m [0m [0m [48;5;255m [48;5;255m [0m
[48;5;255m [48;5;255m [0m [0m [0m [0m [0m [0m [0m [48;5;255m [48;5;255m [0m [0m [0m [0m [48;5;255m [48;5;255m [0m [0m [48;5;255m [48;5;255m [0m [0m [0m [48;5;255m [48;5;255m [0m [0m [0m [48;5;255m [48;5;255m [0m [0m [48;5;255m [48;5;255m [0m [0m [0m [0m [48;5;255m [48;5;255m [0m [0m [48;5;255m [48;5;255m [0m [0m [0m [0m [48;5;255m [48;5;255m [0m [0m [48;5;255m [48;5;255m [0m [0m [0m [0m [48;5;255m [48;5;255m [0m [0m [48;5;255m [48;5;255m [0m [0m [0m [0m [48;5;255m [48;5;255m [0m [0m [48;5;255m [48;5;255m [0m
[48;5;255m [48;5;255m [0m [0m [0m [0m [0m [0m [0m [48;5;255m [48;5;255m [0m [0m [0m [0m [48;5;255m [48;5;255m [0m [0m [48;5;255m [48;5;255m [0m [0m [0m [48;5;255m [48;5;255m [0m [0m [0m [48;5;255m [48;5;255m [0m [0m [48;5;255m [48;5;255m [0m [0m [0m [0m [48;5;255m [48;5;255m [0m [0m [48;5;255m [48;5;255m [0m [0m [0m [0m [48;5;255m [48;5;255m [0m [0m [48;5;255m [48;5;255m [0m [0m [0m [0m [48;5;255m [48;5;255m [0m [0m [48;5;255m [48;5;255m [0m [0m [0m [0m [48;5;255m [48;5;255m [0m [0m [48;5;255m [48;5;255m [0m
[48;5;255m [48;5;255m [48;5;255m [48;5;255m [48;5;255m [48;5;255m [48;5;255m [0m [0m [48;5;255m [48;5;255m [48;5;255m [48;5;255m [48;5;255m [48;5;255m [48;5;255m [48;5;255m [0m [0m [48;5;255m [48;5;255m [0m [0m [0m [48;5;255m [48;5;255m [0m [0m [0m [48;5;255m [48;5;255m [0m [0m [48;5;255m [48;5;255m [48;5;255m [48;5;255m [48;5;255m [48;5;255m [48;5;255m [48;5;255m [0m [0m [48;5;255m [48;5;255m [48;5;255m [48;5;255m [48;5;255m [48;5;255m [48;5;255m [48;5;255m [0m [0m [48;5;255m [48;5;255m [48;5;255m [48;5;255m [48;5;255m [48;5;255m [48;5;255m [48;5;255m [0m [0m [48;5;255m [48;5;255m [48;5;255m [48;5;255m [48;5;255m [48;5;255m [48;5;255m [48;5;255m [0m [0m [48;5;255m [48;5;255m [48;5;255m [48;5;255m [48;5;255m [48;5;255m [48;5;255m [48;5;255m [0m
[0m [0m [0m [0m [0m [0m [0m [0m [0m [0m [0m [0m [0m [0m [0m [0m [0m [0m [0m [0m [0m [0m [0m [0m [0m [0m [0m [0m [0m [0m [0m [0m [0m [48;5;255m [48;5;255m [0m [0m [0m [0m [0m [0m [0m [0m [0m [0m [0m [0m
[0m [0m [0m [0m [0m [0m [0m [0m [0m [0m [0m [0m [0m [0m [0m [0m [0m [0m [0m [0m [0m [0m [0m [0m [0m [0m [0m [0m [0m [0m [0m [0m [0m [48;5;255m [48;5;255m [0m [0m [0m [0m [0m [0m [0m [0m [0m [0m [0m [0m
[0m [0m [0m [0m [0m [0m [0m [0m [0m [0m [0m [0m [0m [0m [0m [0m [0m [0m [0m [0m [0m [0m [0m [0m [0m [0m [0m [0m [0m [0m [0m [0m [0m [48;5;255m [48;5;255m [0m [0m [0m [0m [0m [0m [0m [0m [0m [0m [0m [0m

1.1.14

TypeScript version used by Compodoc : 4.3.5

TypeScript version of current project : 4.2.3

Node.js version : v14.15.1

Operating system : Windows 10

[[90m21:58:38[39m] No configuration file found, switching to CLI flags.
[[90m21:58:39[39m] Using tsconfig file : C:\Users\luiza\Dropbox\Faculdade\5semestre\frameworks js\tarefa unidade 1\lets-vote-angular\tsconfig.json
[[90m21:58:39[39m] Including      : C:\Users\luiza\Dropbox\Faculdade\5semestre\frameworks js\tarefa unidade 1\lets-vote-angular\.browserslistrc
[[90m21:58:39[39m] Including      : C:\Users\luiza\Dropbox\Faculdade\5semestre\frameworks js\tarefa unidade 1\lets-vote-angular\.editorconfig
[[90m21:58:39[39m] Including      : C:\Users\luiza\Dropbox\Faculdade\5semestre\frameworks js\tarefa unidade 1\lets-vote-angular\.gitignore
[[90m21:58:39[39m] Including      : C:\Users\luiza\Dropbox\Faculdade\5semestre\frameworks js\tarefa unidade 1\lets-vote-angular\angular.json
[[90m21:58:39[39m] Including      : C:\Users\luiza\Dropbox\Faculdade\5semestre\frameworks js\tarefa unidade 1\lets-vote-angular\documentation.json
[[90m21:58:39[39m] Including      : C:\Users\luiza\Dropbox\Faculdade\5semestre\frameworks js\tarefa unidade 1\lets-vote-angular\karma.conf.js
[[90m21:58:39[39m] Including      : C:\Users\luiza\Dropbox\Faculdade\5semestre\frameworks js\tarefa unidade 1\lets-vote-angular\package.json
[[90m21:58:39[39m] Including      : C:\Users\luiza\Dropbox\Faculdade\5semestre\frameworks js\tarefa unidade 1\lets-vote-angular\package-lock.json
[[90m21:58:39[39m] Including      : C:\Users\luiza\Dropbox\Faculdade\5semestre\frameworks js\tarefa unidade 1\lets-vote-angular\build-storybook.log
[[90m21:58:39[39m] Including      : C:\Users\luiza\Dropbox\Faculdade\5semestre\frameworks js\tarefa unidade 1\lets-vote-angular\tsconfig.app.json
[[90m21:58:39[39m] Including      : C:\Users\luiza\Dropbox\Faculdade\5semestre\frameworks js\tarefa unidade 1\lets-vote-angular\tsconfig.json
[[90m21:58:39[39m] Including      : C:\Users\luiza\Dropbox\Faculdade\5semestre\frameworks js\tarefa unidade 1\lets-vote-angular\tsconfig.spec.json
[[90m21:58:39[39m] Including      : C:\Users\luiza\Dropbox\Faculdade\5semestre\frameworks js\tarefa unidade 1\lets-vote-angular\.storybook\preview.js
[[90m21:58:39[39m] Including      : C:\Users\luiza\Dropbox\Faculdade\5semestre\frameworks js\tarefa unidade 1\lets-vote-angular\.storybook\main.js
[[90m21:58:39[39m] Including      : C:\Users\luiza\Dropbox\Faculdade\5semestre\frameworks js\tarefa unidade 1\lets-vote-angular\.storybook\tsconfig.json
[[90m21:58:39[39m] Ignoring       : C:\Users\luiza\Dropbox\Faculdade\5semestre\frameworks js\tarefa unidade 1\lets-vote-angular\.storybook\typings.d.ts
[[90m21:58:39[39m] Including      : C:\Users\luiza\Dropbox\Faculdade\5semestre\frameworks js\tarefa unidade 1\lets-vote-angular\src\favicon.ico
[[90m21:58:39[39m] Including      : C:\Users\luiza\Dropbox\Faculdade\5semestre\frameworks js\tarefa unidade 1\lets-vote-angular\src\index.html
[[90m21:58:39[39m] Including      : C:\Users\luiza\Dropbox\Faculdade\5semestre\frameworks js\tarefa unidade 1\lets-vote-angular\src\main.ts
[[90m21:58:39[39m] Including      : C:\Users\luiza\Dropbox\Faculdade\5semestre\frameworks js\tarefa unidade 1\lets-vote-angular\src\polyfills.ts
[[90m21:58:39[39m] Including      : C:\Users\luiza\Dropbox\Faculdade\5semestre\frameworks js\tarefa unidade 1\lets-vote-angular\src\store.service.ts
[[90m21:58:39[39m] Including      : C:\Users\luiza\Dropbox\Faculdade\5semestre\frameworks js\tarefa unidade 1\lets-vote-angular\src\styles.css
[[90m21:58:39[39m] Including      : C:\Users\luiza\Dropbox\Faculdade\5semestre\frameworks js\tarefa unidade 1\lets-vote-angular\src\app\app.component.css
[[90m21:58:39[39m] Including      : C:\Users\luiza\Dropbox\Faculdade\5semestre\frameworks js\tarefa unidade 1\lets-vote-angular\src\app\app.component.html
[[90m21:58:39[39m] Including      : C:\Users\luiza\Dropbox\Faculdade\5semestre\frameworks js\tarefa unidade 1\lets-vote-angular\src\app\app.component.ts
[[90m21:58:39[39m] Including      : C:\Users\luiza\Dropbox\Faculdade\5semestre\frameworks js\tarefa unidade 1\lets-vote-angular\src\app\app.module.ts
[[90m21:58:39[39m] Including      : C:\Users\luiza\Dropbox\Faculdade\5semestre\frameworks js\tarefa unidade 1\lets-vote-angular\src\environments\environment.prod.ts
[[90m21:58:39[39m] Including      : C:\Users\luiza\Dropbox\Faculdade\5semestre\frameworks js\tarefa unidade 1\lets-vote-angular\src\environments\environment.ts
[[90m21:58:39[39m] Including      : C:\Users\luiza\Dropbox\Faculdade\5semestre\frameworks js\tarefa unidade 1\lets-vote-angular\src\stories\Booth.stories.ts
[[90m21:58:39[39m] Including      : C:\Users\luiza\Dropbox\Faculdade\5semestre\frameworks js\tarefa unidade 1\lets-vote-angular\src\stories\Result.stories.ts
[[90m21:58:39[39m] Including      : C:\Users\luiza\Dropbox\Faculdade\5semestre\frameworks js\tarefa unidade 1\lets-vote-angular\src\stories\VotingContainer.stories.ts
[[90m21:58:39[39m] Including      : C:\Users\luiza\Dropbox\Faculdade\5semestre\frameworks js\tarefa unidade 1\lets-vote-angular\src\components\booth\booth.component.css
[[90m21:58:39[39m] Including      : C:\Users\luiza\Dropbox\Faculdade\5semestre\frameworks js\tarefa unidade 1\lets-vote-angular\src\components\booth\booth.component.html
[[90m21:58:39[39m] Including      : C:\Users\luiza\Dropbox\Faculdade\5semestre\frameworks js\tarefa unidade 1\lets-vote-angular\src\components\booth\booth.component.ts
[[90m21:58:39[39m] Including      : C:\Users\luiza\Dropbox\Faculdade\5semestre\frameworks js\tarefa unidade 1\lets-vote-angular\src\components\votingCard\votingCard.component.css
[[90m21:58:39[39m] Including      : C:\Users\luiza\Dropbox\Faculdade\5semestre\frameworks js\tarefa unidade 1\lets-vote-angular\src\components\votingCard\votingCard.component.html
[[90m21:58:39[39m] Including      : C:\Users\luiza\Dropbox\Faculdade\5semestre\frameworks js\tarefa unidade 1\lets-vote-angular\src\components\votingCard\votingCard.component.ts
[[90m21:58:39[39m] Including      : C:\Users\luiza\Dropbox\Faculdade\5semestre\frameworks js\tarefa unidade 1\lets-vote-angular\src\components\result\result.component.html
[[90m21:58:39[39m] Including      : C:\Users\luiza\Dropbox\Faculdade\5semestre\frameworks js\tarefa unidade 1\lets-vote-angular\src\components\result\result.component.css
[[90m21:58:39[39m] Including      : C:\Users\luiza\Dropbox\Faculdade\5semestre\frameworks js\tarefa unidade 1\lets-vote-angular\src\components\result\result.component.ts
[[90m21:58:39[39m] Including      : C:\Users\luiza\Dropbox\Faculdade\5semestre\frameworks js\tarefa unidade 1\lets-vote-angular\src\components\votingContainer\votingContainer.component.css
[[90m21:58:39[39m] Including      : C:\Users\luiza\Dropbox\Faculdade\5semestre\frameworks js\tarefa unidade 1\lets-vote-angular\src\components\votingContainer\votingContainer.component.html
[[90m21:58:39[39m] Including      : C:\Users\luiza\Dropbox\Faculdade\5semestre\frameworks js\tarefa unidade 1\lets-vote-angular\src\components\votingContainer\votingContainer.component.ts
[[90m21:58:39[39m] Including      : C:\Users\luiza\Dropbox\Faculdade\5semestre\frameworks js\tarefa unidade 1\lets-vote-angular\src\components\votingForm\votingForm.component.html
[[90m21:58:39[39m] Including      : C:\Users\luiza\Dropbox\Faculdade\5semestre\frameworks js\tarefa unidade 1\lets-vote-angular\src\components\votingForm\votingForm.component.ts
[[90m21:58:39[39m] Including      : C:\Users\luiza\Dropbox\Faculdade\5semestre\frameworks js\tarefa unidade 1\lets-vote-angular\src\components\votingForm\votingForm.component.css
[[90m21:58:39[39m] Searching package.json file
[[90m21:58:39[39m] package.json file found
[[90m21:58:39[39m] Processing package.json dependencies
[[90m21:58:39[39m] Searching README.md, CHANGELOG.md, CONTRIBUTING.md, LICENSE.md, TODO.md files
[[90m21:58:39[39m] Error during C:\Users\luiza\Dropbox\Faculdade\5semestre\frameworks js\tarefa unidade 1\lets-vote-angular\README read
[[90m21:58:39[39m] Continuing without README.md file
[[90m21:58:39[39m] Error during C:\Users\luiza\Dropbox\Faculdade\5semestre\frameworks js\tarefa unidade 1\lets-vote-angular\CHANGELOG read
[[90m21:58:39[39m] Continuing without CHANGELOG.md file
[[90m21:58:39[39m] Error during C:\Users\luiza\Dropbox\Faculdade\5semestre\frameworks js\tarefa unidade 1\lets-vote-angular\CONTRIBUTING read
[[90m21:58:39[39m] Continuing without CONTRIBUTING.md file
[[90m21:58:39[39m] Error during C:\Users\luiza\Dropbox\Faculdade\5semestre\frameworks js\tarefa unidade 1\lets-vote-angular\LICENSE read
[[90m21:58:39[39m] Continuing without LICENSE.md file
[[90m21:58:39[39m] Error during C:\Users\luiza\Dropbox\Faculdade\5semestre\frameworks js\tarefa unidade 1\lets-vote-angular\TODO read
[[90m21:58:39[39m] Continuing without TODO.md file
[[90m21:58:39[39m] Get dependencies data
[[90m21:58:39[39m] parsing        : C:/Users/luiza/Dropbox/Faculdade/5semestre/frameworks js/tarefa unidade 1/lets-vote-angular/src/main.ts
[[90m21:58:39[39m] parsing        : C:/Users/luiza/Dropbox/Faculdade/5semestre/frameworks js/tarefa unidade 1/lets-vote-angular/src/polyfills.ts
[[90m21:58:39[39m] parsing        : C:/Users/luiza/Dropbox/Faculdade/5semestre/frameworks js/tarefa unidade 1/lets-vote-angular/src/store.service.ts
[[90m21:58:39[39m] found          : StoreService
[[90m21:58:39[39m] parsing        : C:/Users/luiza/Dropbox/Faculdade/5semestre/frameworks js/tarefa unidade 1/lets-vote-angular/src/app/app.component.ts
[[90m21:58:39[39m] found          : AppComponent
[[90m21:58:39[39m] parsing        : C:/Users/luiza/Dropbox/Faculdade/5semestre/frameworks js/tarefa unidade 1/lets-vote-angular/src/app/app.module.ts
[[90m21:58:39[39m] found          : AppModule
[[90m21:58:39[39m]                : - imports:
[[90m21:58:39[39m]                : 	- BrowserModule
[[90m21:58:39[39m]                : 	- FormsModule
[[90m21:58:39[39m]                : - declarations:
[[90m21:58:39[39m]                : 	- AppComponent
[[90m21:58:39[39m]                : 	- VotingContainerComponent
[[90m21:58:39[39m]                : 	- VotingFormComponent
[[90m21:58:39[39m]                : 	- VotingCardComponent
[[90m21:58:39[39m]                : 	- BoothComponent
[[90m21:58:39[39m]                : 	- ResultComponent
[[90m21:58:39[39m]                : - bootstrap:
[[90m21:58:39[39m]                : 	- AppComponent
[[90m21:58:39[39m] parsing        : C:/Users/luiza/Dropbox/Faculdade/5semestre/frameworks js/tarefa unidade 1/lets-vote-angular/src/environments/environment.prod.ts
[[90m21:58:39[39m] found          : environment
[[90m21:58:39[39m] parsing        : C:/Users/luiza/Dropbox/Faculdade/5semestre/frameworks js/tarefa unidade 1/lets-vote-angular/src/environments/environment.ts
[[90m21:58:39[39m] found          : environment
[[90m21:58:39[39m] parsing        : C:/Users/luiza/Dropbox/Faculdade/5semestre/frameworks js/tarefa unidade 1/lets-vote-angular/src/stories/Booth.stories.ts
[[90m21:58:39[39m] found          : Template
[[90m21:58:39[39m] found          : SimNãoTalvez
[[90m21:58:39[39m] found          : SimNão
[[90m21:58:39[39m] parsing        : C:/Users/luiza/Dropbox/Faculdade/5semestre/frameworks js/tarefa unidade 1/lets-vote-angular/src/stories/Result.stories.ts
[[90m21:58:39[39m] found          : Template
[[90m21:58:39[39m] found          : Exemplo1
[[90m21:58:39[39m] found          : Exemplo2
[[90m21:58:39[39m] parsing        : C:/Users/luiza/Dropbox/Faculdade/5semestre/frameworks js/tarefa unidade 1/lets-vote-angular/src/stories/VotingContainer.stories.ts
[[90m21:58:39[39m] found          : Template
[[90m21:58:39[39m] found          : Demo
[[90m21:58:39[39m] parsing        : C:/Users/luiza/Dropbox/Faculdade/5semestre/frameworks js/tarefa unidade 1/lets-vote-angular/src/components/booth/booth.component.ts
[[90m21:58:39[39m] found          : BoothComponent
[[90m21:58:39[39m] parsing        : C:/Users/luiza/Dropbox/Faculdade/5semestre/frameworks js/tarefa unidade 1/lets-vote-angular/src/components/votingCard/votingCard.component.ts
[[90m21:58:39[39m] found          : VotingCardComponent
[[90m21:58:39[39m] parsing        : C:/Users/luiza/Dropbox/Faculdade/5semestre/frameworks js/tarefa unidade 1/lets-vote-angular/src/components/result/result.component.ts
[[90m21:58:39[39m] found          : ResultComponent
[[90m21:58:39[39m] parsing        : C:/Users/luiza/Dropbox/Faculdade/5semestre/frameworks js/tarefa unidade 1/lets-vote-angular/src/components/votingContainer/votingContainer.component.ts
[[90m21:58:39[39m] found          : VotingContainerComponent
[[90m21:58:39[39m] parsing        : C:/Users/luiza/Dropbox/Faculdade/5semestre/frameworks js/tarefa unidade 1/lets-vote-angular/src/components/votingForm/votingForm.component.ts
[[90m21:58:39[39m] found          : VotingFormComponent
[[90m21:58:39[39m] -------------------
[[90m21:58:39[39m] Project statistics 
[[90m21:58:39[39m] - files      : 45
[[90m21:58:39[39m] - module     : 1
[[90m21:58:39[39m] - component  : 6
[[90m21:58:39[39m] - injectable : 1
[[90m21:58:39[39m] -------------------
[[90m21:58:39[39m] Prepare components
[[90m21:58:39[39m]  AppComponent has a templateUrl, include it
[[90m21:58:39[39m]  AppComponent has styleUrls, include them
[[90m21:58:39[39m]  BoothComponent has a templateUrl, include it
[[90m21:58:39[39m]  BoothComponent has styleUrls, include them
[[90m21:58:39[39m]  ResultComponent has a templateUrl, include it
[[90m21:58:39[39m]  ResultComponent has styleUrls, include them
[[90m21:58:39[39m]  VotingCardComponent has a templateUrl, include it
[[90m21:58:39[39m]  VotingCardComponent has styleUrls, include them
[[90m21:58:39[39m]  VotingContainerComponent has a templateUrl, include it
[[90m21:58:39[39m]  VotingContainerComponent has styleUrls, include them
[[90m21:58:39[39m]  VotingFormComponent has a templateUrl, include it
[[90m21:58:39[39m]  VotingFormComponent has styleUrls, include them
[[90m21:58:39[39m] Prepare modules
[[90m21:58:39[39m] Prepare injectables
[[90m21:58:39[39m] Prepare miscellaneous
[[90m21:58:39[39m] Process documentation coverage report
[[90m21:58:39[39m] Generating documentation in export format json
[[90m21:58:39[39m] Documentation generated in ./ in 0.83 seconds
info @storybook/angular v6.3.4
info 
info => Cleaning outputDir: C:\Users\luiza\AppData\Local\Temp\chromatic--5348-Z41tP6ArdRKv
info => Loading presets
info => Compiling preview..
info => Loading 1 config file in "C:\Users\luiza\Dropbox\Faculdade\5semestre\frameworks js\tarefa unidade 1\lets-vote-angular\.storybook"
info => Loading 9 other files in "C:\Users\luiza\Dropbox\Faculdade\5semestre\frameworks js\tarefa unidade 1\lets-vote-angular\.storybook"
info => Adding stories defined in "C:\Users\luiza\Dropbox\Faculdade\5semestre\frameworks js\tarefa unidade 1\lets-vote-angular\.storybook\main.js"
info => Found custom tsconfig.json
info => Using implicit CSS loaders
info => Loading angular-cli config
info => Using angular project "meu-app-angular:build" for configuring Storybook
info => Using angular-cli webpack config
info => Using default Webpack5 setup
<s> [webpack.Progress] 0% 

<s> [webpack.Progress] 1% setup initialize
<s> [webpack.Progress] 1% setup initialize HtmlWebpackPlugin
<s> [webpack.Progress] 1% setup initialize
<s> [webpack.Progress] 2% setup before run
<s> [webpack.Progress] 2% setup before run NodeEnvironmentPlugin
<s> [webpack.Progress] 2% setup before run
<s> [webpack.Progress] 3% setup run
<s> [webpack.Progress] 3% setup run fork-ts-checker-webpack-plugin
<s> [webpack.Progress] 3% setup run
<s> [webpack.Progress] 4% setup normal module factory
<s> [webpack.Progress] 4% setup normal module factory CaseSensitivePathsPlugin
<s> [webpack.Progress] 4% setup normal module factory
<s> [webpack.Progress] 5% setup context module factory
<s> [webpack.Progress] 5% setup context module factory ContextReplacementPlugin
<s> [webpack.Progress] 5% setup context module factory ContextReplacementPlugin
<s> [webpack.Progress] 5% setup context module factory
<s> [webpack.Progress] 6% setup before compile
<s> [webpack.Progress] 6% setup before compile ProgressPlugin
<s> [webpack.Progress] 6% setup before compile
<s> [webpack.Progress] 7% setup compile
<s> [webpack.Progress] 7% setup compile fork-ts-checker-webpack-plugin
Starting type checking service...
<s> [webpack.Progress] 7% setup compile ExternalsPlugin
<s> [webpack.Progress] 7% setup compile
<s> [webpack.Progress] 8% setup compilation
<s> [webpack.Progress] 8% setup compilation CopyPlugin
<s> [webpack.Progress] 8% setup compilation ArrayPushCallbackChunkFormatPlugin
<s> [webpack.Progress] 8% setup compilation JsonpChunkLoadingPlugin
<s> [webpack.Progress] 8% setup compilation StartupChunkDependenciesPlugin
<s> [webpack.Progress] 8% setup compilation ImportScriptsChunkLoadingPlugin
<s> [webpack.Progress] 8% setup compilation FetchCompileWasmPlugin
<s> [webpack.Progress] 8% setup compilation FetchCompileAsyncWasmPlugin
<s> [webpack.Progress] 8% setup compilation WorkerPlugin
<s> [webpack.Progress] 8% setup compilation SplitChunksPlugin
<s> [webpack.Progress] 8% setup compilation RuntimeChunkPlugin
<s> [webpack.Progress] 8% setup compilation ResolverCachePlugin
<s> [webpack.Progress] 8% setup compilation HtmlWebpackPlugin
<s> [webpack.Progress] 8% setup compilation
<s> [webpack.Progress] 9% setup compilation
<s> [webpack.Progress] 9% setup compilation AnyComponentStyleBudgetChecker
<s> [webpack.Progress] 9% setup compilation DedupeModuleResolvePlugin
<s> [webpack.Progress] 9% setup compilation DefinePlugin
<s> [webpack.Progress] 9% setup compilation ProgressPlugin
<s> [webpack.Progress] 9% setup compilation ChunkPrefetchPreloadPlugin
<s> [webpack.Progress] 9% setup compilation SourceMapDevToolPlugin
<s> [webpack.Progress] 9% setup compilation JavascriptModulesPlugin
<s> [webpack.Progress] 9% setup compilation JsonModulesPlugin
<s> [webpack.Progress] 9% setup compilation AssetModulesPlugin
<s> [webpack.Progress] 9% setup compilation EntryPlugin
<s> [webpack.Progress] 9% setup compilation EntryPlugin
<s> [webpack.Progress] 9% setup compilation EntryPlugin
<s> [webpack.Progress] 9% setup compilation EntryPlugin
<s> [webpack.Progress] 9% setup compilation EntryPlugin
<s> [webpack.Progress] 9% setup compilation EntryPlugin
<s> [webpack.Progress] 9% setup compilation EntryPlugin
<s> [webpack.Progress] 9% setup compilation EntryPlugin
<s> [webpack.Progress] 9% setup compilation EntryPlugin
<s> [webpack.Progress] 9% setup compilation EntryPlugin
<s> [webpack.Progress] 9% setup compilation EntryPlugin
<s> [webpack.Progress] 9% setup compilation EntryPlugin
<s> [webpack.Progress] 9% setup compilation EntryPlugin
<s> [webpack.Progress] 9% setup compilation EntryPlugin
<s> [webpack.Progress] 9% setup compilation EntryPlugin
<s> [webpack.Progress] 9% setup compilation RuntimePlugin
<s> [webpack.Progress] 9% setup compilation InferAsyncModulesPlugin
<s> [webpack.Progress] 9% setup compilation DataUriPlugin
<s> [webpack.Progress] 9% setup compilation FileUriPlugin
<s> [webpack.Progress] 9% setup compilation CompatibilityPlugin
<s> [webpack.Progress] 9% setup compilation HarmonyModulesPlugin
<s> [webpack.Progress] 9% setup compilation AMDPlugin
<s> [webpack.Progress] 9% setup compilation RequireJsStuffPlugin
<s> [webpack.Progress] 9% setup compilation CommonJsPlugin
<s> [webpack.Progress] 9% setup compilation LoaderPlugin
<s> [webpack.Progress] 9% setup compilation LoaderPlugin
<s> [webpack.Progress] 9% setup compilation NodeStuffPlugin
<s> [webpack.Progress] 9% setup compilation APIPlugin
<s> [webpack.Progress] 9% setup compilation ExportsInfoApiPlugin
<s> [webpack.Progress] 9% setup compilation WebpackIsIncludedPlugin
<s> [webpack.Progress] 9% setup compilation ConstPlugin
<s> [webpack.Progress] 9% setup compilation UseStrictPlugin
<s> [webpack.Progress] 9% setup compilation RequireIncludePlugin
<s> [webpack.Progress] 9% setup compilation RequireEnsurePlugin
<s> [webpack.Progress] 9% setup compilation RequireContextPlugin
<s> [webpack.Progress] 9% setup compilation ImportPlugin
<s> [webpack.Progress] 9% setup compilation SystemPlugin
<s> [webpack.Progress] 9% setup compilation ImportMetaPlugin
<s> [webpack.Progress] 9% setup compilation URLPlugin
<s> [webpack.Progress] 9% setup compilation DefaultStatsFactoryPlugin
<s> [webpack.Progress] 9% setup compilation DefaultStatsPresetPlugin
<s> [webpack.Progress] 9% setup compilation DefaultStatsPrinterPlugin
<s> [webpack.Progress] 9% setup compilation JavascriptMetaInfoPlugin
<s> [webpack.Progress] 9% setup compilation EnsureChunkConditionsPlugin
<s> [webpack.Progress] 9% setup compilation RemoveEmptyChunksPlugin
<s> [webpack.Progress] 9% setup compilation MergeDuplicateChunksPlugin
<s> [webpack.Progress] 9% setup compilation FlagIncludedChunksPlugin
<s> [webpack.Progress] 9% setup compilation SideEffectsFlagPlugin
<s> [webpack.Progress] 9% setup compilation FlagDependencyExportsPlugin
<s> [webpack.Progress] 9% setup compilation FlagDependencyUsagePlugin
<s> [webpack.Progress] 9% setup compilation InnerGraphPlugin
<s> [webpack.Progress] 9% setup compilation MangleExportsPlugin
<s> [webpack.Progress] 9% setup compilation ModuleConcatenationPlugin
<s> [webpack.Progress] 9% setup compilation NoEmitOnErrorsPlugin
<s> [webpack.Progress] 9% setup compilation RealContentHashPlugin
<s> [webpack.Progress] 9% setup compilation WasmFinalizeExportsPlugin
<s> [webpack.Progress] 9% setup compilation DeterministicModuleIdsPlugin
<s> [webpack.Progress] 9% setup compilation DeterministicChunkIdsPlugin
<s> [webpack.Progress] 9% setup compilation DefinePlugin
<s> [webpack.Progress] 9% setup compilation TerserPlugin
<s> [webpack.Progress] 9% setup compilation TemplatedPathPlugin
<s> [webpack.Progress] 9% setup compilation RecordIdsPlugin
<s> [webpack.Progress] 9% setup compilation WarnCaseSensitiveModulesPlugin
<s> [webpack.Progress] 9% setup compilation IgnoreWarningsPlugin
<s> [webpack.Progress] 9% setup compilation
<s> [webpack.Progress] 10% building
<s> [webpack.Progress] 10% building 0/1 entries 0/0 dependencies 0/0 modules
<s> [webpack.Progress] 10% building import loader ./node_modules/babel-loader/lib/index.js
<s> [webpack.Progress] 10% building 0/15 entries 14/42 dependencies 0/14 modules
<s> [webpack.Progress] 10% building 0/15 entries 15/42 dependencies 0/14 modules
<s> [webpack.Progress] 10% building import loader ./node_modules/style-loader/dist/cjs.js
<s> [webpack.Progress] 10% building import loader ./node_modules/css-loader/dist/cjs.js
<s> [webpack.Progress] 10% building import loader ./node_modules/postcss-loader/dist/cjs.js
<s> [webpack.Progress] 10% building 0/15 entries 15/46 dependencies 0/15 modules
<s> [webpack.Progress] 10% building 0/15 entries 27/70 dependencies 1/25 modules
<s> [webpack.Progress] 13% building 1/15 entries 72/143 dependencies 9/45 modules
<s> [webpack.Progress] 17% building 2/15 entries 152/218 dependencies 14/86 modules
<s> [webpack.Progress] 17% building import loader ./node_modules/ts-loader/index.js
<s> [webpack.Progress] 17% building import loader ./node_modules/@storybook/angular/dist/ts3.9/server/ngx-template-loader/index.js
<s> [webpack.Progress] 17% building import loader ./node_modules/@storybook/source-loader/dist/cjs/index.js
<s> [webpack.Progress] 17% building 2/15 entries 347/430 dependencies 16/184 modules
<s> [webpack.Progress] 17% building 2/15 entries 406/600 dependencies 19/206 modules
[BABEL] Note: The code generator has deoptimised the styling of C:\Users\luiza\Dropbox\Faculdade\5semestre\frameworks js\tarefa unidade 1\lets-vote-angular\node_modules\prettier\standalone.js as it exceeds the max of 500KB.
<s> [webpack.Progress] 17% building 2/15 entries 600/739 dependencies 20/245 modules
<s> [webpack.Progress] 17% building 2/15 entries 1037/1100 dependencies 64/307 modules
<s> [webpack.Progress] 17% building 2/15 entries 1354/1500 dependencies 106/373 modules
<s> [webpack.Progress] 17% building 2/15 entries 1595/1700 dependencies 246/421 modules
<s> [webpack.Progress] 17% building import loader ./node_modules/raw-loader/dist/cjs.js
<s> [webpack.Progress] 17% building 2/15 entries 1936/2026 dependencies 264/481 modules
<s> [webpack.Progress] 17% building 2/15 entries 2120/2400 dependencies 292/539 modules
<s> [webpack.Progress] 17% building 2/15 entries 2550/2900 dependencies 332/669 modules
<s> [webpack.Progress] 17% building 2/15 entries 3029/3100 dependencies 392/829 modules
<s> [webpack.Progress] 17% building 2/15 entries 3365/3400 dependencies 478/918 modules
<s> [webpack.Progress] 17% building 2/15 entries 3635/3700 dependencies 651/963 modules
<s> [webpack.Progress] 18% building 2/15 entries 4013/4100 dependencies 810/1063 modules
<s> [webpack.Progress] 20% building 2/15 entries 4441/4500 dependencies 945/1150 modules
<s> [webpack.Progress] 21% building 2/15 entries 4854/4900 dependencies 1073/1244 modules
<s> [webpack.Progress] 22% building 3/15 entries 4984/5051 dependencies 1136/1270 modules
<s> [webpack.Progress] 24% building 4/15 entries 4984/5051 dependencies 1137/1270 modules
<s> [webpack.Progress] 28% building 5/15 entries 4984/5051 dependencies 1138/1270 modules
<s> [webpack.Progress] 31% building 6/15 entries 4984/5051 dependencies 1139/1270 modules
<s> [webpack.Progress] 35% building 7/15 entries 4984/5051 dependencies 1140/1270 modules
<s> [webpack.Progress] 39% building 8/15 entries 4984/5051 dependencies 1141/1270 modules
<s> [webpack.Progress] 43% building 9/15 entries 4984/5051 dependencies 1142/1270 modules
<s> [webpack.Progress] 46% building 10/15 entries 4984/5051 dependencies 1143/1270 modules
<s> [webpack.Progress] 50% building 11/15 entries 4984/5051 dependencies 1144/1270 modules
<s> [webpack.Progress] 54% building 12/15 entries 5483/5492 dependencies 1374/1404 modules
<s> [webpack.Progress] 57% building 13/15 entries 5508/5508 dependencies 1400/1415 modules
<s> [webpack.Progress] 61% building 14/15 entries 5508/5508 dependencies 1414/1415 modules
<s> [webpack.Progress] 65% building 15/15 entries 5508/5508 dependencies 1415/1415 modules
<s> [webpack.Progress] 65% building
<s> [webpack.Progress] 69% building finish
<s> [webpack.Progress] 69% building finish
<s> [webpack.Progress] 70% sealing finish module graph
<s> [webpack.Progress] 70% sealing finish module graph ResolverCachePlugin
<s> [webpack.Progress] 70% sealing finish module graph InferAsyncModulesPlugin
<s> [webpack.Progress] 70% sealing finish module graph FlagDependencyExportsPlugin
<s> [webpack.Progress] 70% sealing finish module graph InnerGraphPlugin
<s> [webpack.Progress] 70% sealing finish module graph WasmFinalizeExportsPlugin
<s> [webpack.Progress] 70% sealing finish module graph
<s> [webpack.Progress] 70% sealing plugins
<s> [webpack.Progress] 70% sealing plugins WarnCaseSensitiveModulesPlugin
<s> [webpack.Progress] 70% sealing plugins
<s> [webpack.Progress] 71% sealing dependencies optimization
<s> [webpack.Progress] 71% sealing dependencies optimization SideEffectsFlagPlugin
<s> [webpack.Progress] 71% sealing dependencies optimization FlagDependencyUsagePlugin
<s> [webpack.Progress] 71% sealing dependencies optimization
<s> [webpack.Progress] 71% sealing after dependencies optimization
<s> [webpack.Progress] 71% sealing after dependencies optimization
<s> [webpack.Progress] 72% sealing chunk graph
<s> [webpack.Progress] 72% sealing chunk graph
<s> [webpack.Progress] 73% sealing after chunk graph
<s> [webpack.Progress] 73% sealing after chunk graph
<s> [webpack.Progress] 73% sealing optimizing
<s> [webpack.Progress] 73% sealing optimizing
<s> [webpack.Progress] 74% sealing module optimization
<s> [webpack.Progress] 74% sealing module optimization
<s> [webpack.Progress] 75% sealing after module optimization
<s> [webpack.Progress] 75% sealing after module optimization
<s> [webpack.Progress] 75% sealing chunk optimization
<s> [webpack.Progress] 75% sealing chunk optimization EnsureChunkConditionsPlugin
<s> [webpack.Progress] 75% sealing chunk optimization RemoveEmptyChunksPlugin
<s> [webpack.Progress] 75% sealing chunk optimization MergeDuplicateChunksPlugin
<s> [webpack.Progress] 75% sealing chunk optimization SplitChunksPlugin
<s> [webpack.Progress] 75% sealing chunk optimization RemoveEmptyChunksPlugin
<s> [webpack.Progress] 75% sealing chunk optimization
<s> [webpack.Progress] 76% sealing after chunk optimization
<s> [webpack.Progress] 76% sealing after chunk optimization
<s> [webpack.Progress] 77% sealing module and chunk tree optimization
<s> [webpack.Progress] 77% sealing module and chunk tree optimization PersistentChildCompilerSingletonPlugin
<s> [webpack.Progress] 77% sealing module and chunk tree optimization
<s> [webpack.Progress] 77% sealing after module and chunk tree optimization
<s> [webpack.Progress] 77% sealing after module and chunk tree optimization
<s> [webpack.Progress] 78% sealing chunk modules optimization
<s> [webpack.Progress] 78% sealing chunk modules optimization ModuleConcatenationPlugin
<s> [webpack.Progress] 78% sealing chunk modules optimization
<s> [webpack.Progress] 78% sealing after chunk modules optimization
<s> [webpack.Progress] 78% sealing after chunk modules optimization
<s> [webpack.Progress] 79% sealing module reviving
<s> [webpack.Progress] 79% sealing module reviving RecordIdsPlugin
<s> [webpack.Progress] 79% sealing module reviving
<s> [webpack.Progress] 80% sealing before module ids
<s> [webpack.Progress] 80% sealing before module ids
<s> [webpack.Progress] 80% sealing module ids
<s> [webpack.Progress] 80% sealing module ids DeterministicModuleIdsPlugin
<s> [webpack.Progress] 80% sealing module ids
<s> [webpack.Progress] 81% sealing module id optimization
<s> [webpack.Progress] 81% sealing module id optimization
<s> [webpack.Progress] 82% sealing module id optimization
<s> [webpack.Progress] 82% sealing module id optimization
<s> [webpack.Progress] 82% sealing chunk reviving
<s> [webpack.Progress] 82% sealing chunk reviving RecordIdsPlugin
<s> [webpack.Progress] 82% sealing chunk reviving
<s> [webpack.Progress] 83% sealing before chunk ids
<s> [webpack.Progress] 83% sealing before chunk ids
<s> [webpack.Progress] 84% sealing chunk ids
<s> [webpack.Progress] 84% sealing chunk ids DeterministicChunkIdsPlugin
<s> [webpack.Progress] 84% sealing chunk ids
<s> [webpack.Progress] 84% sealing chunk id optimization
<s> [webpack.Progress] 84% sealing chunk id optimization FlagIncludedChunksPlugin
<s> [webpack.Progress] 84% sealing chunk id optimization
<s> [webpack.Progress] 85% sealing after chunk id optimization
<s> [webpack.Progress] 85% sealing after chunk id optimization
<s> [webpack.Progress] 86% sealing record modules
<s> [webpack.Progress] 86% sealing record modules RecordIdsPlugin
<s> [webpack.Progress] 86% sealing record modules
<s> [webpack.Progress] 86% sealing record chunks
<s> [webpack.Progress] 86% sealing record chunks RecordIdsPlugin
<s> [webpack.Progress] 86% sealing record chunks
<s> [webpack.Progress] 87% sealing module hashing
<s> [webpack.Progress] 87% sealing module hashing
<s> [webpack.Progress] 87% sealing code generation
<s> [webpack.Progress] 87% sealing code generation
<s> [webpack.Progress] 88% sealing runtime requirements
<s> [webpack.Progress] 88% sealing runtime requirements
<s> [webpack.Progress] 89% sealing hashing
<s> [webpack.Progress] 89% sealing hashing
<s> [webpack.Progress] 89% sealing after hashing
<s> [webpack.Progress] 89% sealing after hashing
<s> [webpack.Progress] 90% sealing record hash
<s> [webpack.Progress] 90% sealing record hash
<s> [webpack.Progress] 91% sealing module assets processing
<s> [webpack.Progress] 91% sealing module assets processing
<s> [webpack.Progress] 91% sealing chunk assets processing
<s> [webpack.Progress] 91% sealing chunk assets processing
<s> [webpack.Progress] 92% sealing asset processing
<s> [webpack.Progress] 92% sealing asset processing copy-webpack-plugin
<s> [webpack.Progress] 92% sealing asset processing PersistentChildCompilerSingletonPlugin
<s> [webpack.Progress] 92% sealing asset processing TerserPlugin
<s> [webpack.Progress] 92% sealing asset processing SourceMapDevToolPlugin
<s> [webpack.Progress] 92% sealing asset processing SourceMapDevToolPlugin
<s> [webpack.Progress] 92% sealing asset processing SourceMapDevToolPlugin main.f5f03d05.iframe.bundle.js generate SourceMap
<s> [webpack.Progress] 92% sealing asset processing SourceMapDevToolPlugin main.f5f03d05.iframe.bundle.js generated SourceMap
<s> [webpack.Progress] 92% sealing asset processing SourceMapDevToolPlugin runtime~main.f1e2057b.iframe.bundle.js generate SourceMap
<s> [webpack.Progress] 92% sealing asset processing SourceMapDevToolPlugin runtime~main.f1e2057b.iframe.bundle.js generated SourceMap
<s> [webpack.Progress] 92% sealing asset processing SourceMapDevToolPlugin 90.13cb0806.iframe.bundle.js generate SourceMap
<s> [webpack.Progress] 92% sealing asset processing SourceMapDevToolPlugin 90.13cb0806.iframe.bundle.js generated SourceMap
<s> [webpack.Progress] 92% sealing asset processing SourceMapDevToolPlugin 913.7f3ff00e.iframe.bundle.js generate SourceMap
<s> [webpack.Progress] 92% sealing asset processing SourceMapDevToolPlugin 913.7f3ff00e.iframe.bundle.js generated SourceMap
<s> [webpack.Progress] 92% sealing asset processing SourceMapDevToolPlugin 881.52bef0d4.iframe.bundle.js generate SourceMap
<s> [webpack.Progress] 92% sealing asset processing SourceMapDevToolPlugin 881.52bef0d4.iframe.bundle.js generated SourceMap
<s> [webpack.Progress] 92% sealing asset processing SourceMapDevToolPlugin 459.7ed328ec.iframe.bundle.js generate SourceMap
<s> [webpack.Progress] 92% sealing asset processing SourceMapDevToolPlugin 459.7ed328ec.iframe.bundle.js generated SourceMap
<s> [webpack.Progress] 92% sealing asset processing SourceMapDevToolPlugin 331.85079eb7.iframe.bundle.js generate SourceMap
<s> [webpack.Progress] 92% sealing asset processing SourceMapDevToolPlugin 331.85079eb7.iframe.bundle.js generated SourceMap
<s> [webpack.Progress] 92% sealing asset processing SourceMapDevToolPlugin 813.34bb0980.iframe.bundle.js generate SourceMap
<s> [webpack.Progress] 92% sealing asset processing SourceMapDevToolPlugin 813.34bb0980.iframe.bundle.js generated SourceMap
<s> [webpack.Progress] 92% sealing asset processing SourceMapDevToolPlugin resolve sources
<s> [webpack.Progress] 92% sealing asset processing SourceMapDevToolPlugin main.f5f03d05.iframe.bundle.js attach SourceMap
<s> [webpack.Progress] 92% sealing asset processing SourceMapDevToolPlugin main.f5f03d05.iframe.bundle.js attached SourceMap
<s> [webpack.Progress] 92% sealing asset processing SourceMapDevToolPlugin runtime~main.f1e2057b.iframe.bundle.js attach SourceMap
<s> [webpack.Progress] 92% sealing asset processing SourceMapDevToolPlugin runtime~main.f1e2057b.iframe.bundle.js attached SourceMap
<s> [webpack.Progress] 92% sealing asset processing SourceMapDevToolPlugin 90.13cb0806.iframe.bundle.js attach SourceMap
<s> [webpack.Progress] 92% sealing asset processing SourceMapDevToolPlugin 90.13cb0806.iframe.bundle.js attached SourceMap
<s> [webpack.Progress] 92% sealing asset processing SourceMapDevToolPlugin 913.7f3ff00e.iframe.bundle.js attach SourceMap
<s> [webpack.Progress] 92% sealing asset processing SourceMapDevToolPlugin 913.7f3ff00e.iframe.bundle.js attached SourceMap
<s> [webpack.Progress] 92% sealing asset processing SourceMapDevToolPlugin 881.52bef0d4.iframe.bundle.js attach SourceMap
<s> [webpack.Progress] 92% sealing asset processing SourceMapDevToolPlugin 881.52bef0d4.iframe.bundle.js attached SourceMap
<s> [webpack.Progress] 92% sealing asset processing SourceMapDevToolPlugin 459.7ed328ec.iframe.bundle.js attach SourceMap
<s> [webpack.Progress] 92% sealing asset processing SourceMapDevToolPlugin 459.7ed328ec.iframe.bundle.js attached SourceMap
<s> [webpack.Progress] 92% sealing asset processing SourceMapDevToolPlugin 331.85079eb7.iframe.bundle.js attach SourceMap
<s> [webpack.Progress] 92% sealing asset processing SourceMapDevToolPlugin 331.85079eb7.iframe.bundle.js attached SourceMap
<s> [webpack.Progress] 92% sealing asset processing SourceMapDevToolPlugin 813.34bb0980.iframe.bundle.js attach SourceMap
<s> [webpack.Progress] 92% sealing asset processing SourceMapDevToolPlugin 813.34bb0980.iframe.bundle.js attached SourceMap
<s> [webpack.Progress] 92% sealing asset processing SourceMapDevToolPlugin
<s> [webpack.Progress] 92% sealing asset processing SourceMapDevToolPlugin
<s> [webpack.Progress] 92% sealing asset processing SourceMapDevToolPlugin resolve sources
<s> [webpack.Progress] 92% sealing asset processing SourceMapDevToolPlugin
<s> [webpack.Progress] 92% sealing asset processing HtmlWebpackPlugin
<s> [webpack.Progress] 92% sealing asset processing HtmlWebpackPlugin
<s> [webpack.Progress] 92% sealing asset processing HtmlWebpackPlugin resolve sources
<s> [webpack.Progress] 92% sealing asset processing HtmlWebpackPlugin
<s> [webpack.Progress] 92% sealing asset processing RealContentHashPlugin
<s> [webpack.Progress] 92% sealing asset processing RealContentHashPlugin
<s> [webpack.Progress] 92% sealing asset processing RealContentHashPlugin resolve sources
<s> [webpack.Progress] 92% sealing asset processing RealContentHashPlugin
<s> [webpack.Progress] 92% sealing asset processing AnyComponentStyleBudgetChecker
<s> [webpack.Progress] 92% sealing asset processing
<s> [webpack.Progress] 93% sealing after asset optimization
<s> [webpack.Progress] 93% sealing after asset optimization
<s> [webpack.Progress] 93% sealing recording
<s> [webpack.Progress] 93% sealing recording
<s> [webpack.Progress] 94% sealing after seal
<s> [webpack.Progress] 94% sealing after seal
<s> [webpack.Progress] 95% emitting emit
<s> [webpack.Progress] 95% emitting emit fork-ts-checker-webpack-plugin
<s> [webpack.Progress] 95% emitting emit
<s> [webpack.Progress] 98% emitting after emit
<s> [webpack.Progress] 98% emitting after emit SizeLimitsPlugin
<s> [webpack.Progress] 98% emitting after emit
<s> [webpack.Progress] 99% done plugins
<s> [webpack.Progress] 99% done plugins CaseSensitivePathsPlugin
<s> [webpack.Progress] 99% done plugins fork-ts-checker-webpack-plugin
<s> [webpack.Progress] 99% done plugins fork-ts-checker-webpack-plugin
<s> [webpack.Progress] 99% done plugins
<s> [webpack.Progress] 99% 

<s> [webpack.Progress] 99% cache store build dependencies
<s> [webpack.Progress] 99% cache store build dependencies
<s> [webpack.Progress] 99% cache begin idle
<s> [webpack.Progress] 99% cache begin idle
<s> [webpack.Progress] 100% 

info => Preview built (1.4 min)
WARN System.import() is deprecated and will be removed soon. Use import() instead.
WARN For more info visit https://webpack.js.org/guides/code-splitting/
WARN System.import() is deprecated and will be removed soon. Use import() instead.
WARN For more info visit https://webpack.js.org/guides/code-splitting/
WARN asset size limit: The following asset(s) exceed the recommended size limit (244 KiB).
WARN This can impact web performance.
WARN Assets: 
WARN   813.6b5f3fca.iframe.bundle.js (3.87 MiB)
WARN entrypoint size limit: The following entrypoint(s) combined asset size exceeds the recommended limit (244 KiB). This can impact web performance.
WARN Entrypoints:
WARN   main (3.92 MiB)
WARN       runtime~main.c17f5d6e.iframe.bundle.js
WARN       813.6b5f3fca.iframe.bundle.js
WARN       main.0baaf6eb.iframe.bundle.js
WARN 
<s> [webpack.Progress] 99% cache shutdown
<s> [webpack.Progress] 99% cache shutdown
<s> [webpack.Progress] 100% 

info => Output directory: C:\Users\luiza\AppData\Local\Temp\chromatic--5348-Z41tP6ArdRKv
